21:09:19 **** Build of configuration Debug for project likedList ****
make all 
Building file: ../testing/src/Employee.c
Invoking: GCC C Compiler
gcc -O0 -g3 -Wall -c -fmessage-length=0 -MMD -MP -MF"testing/src/Employee.d" -MT"testing/src/Employee.o" -o "testing/src/Employee.o" "../testing/src/Employee.c"
Finished building: ../testing/src/Employee.c
 
Building file: ../testing/src/addNodeTest.c
Invoking: GCC C Compiler
gcc -O0 -g3 -Wall -c -fmessage-length=0 -MMD -MP -MF"testing/src/addNodeTest.d" -MT"testing/src/addNodeTest.o" -o "testing/src/addNodeTest.o" "../testing/src/addNodeTest.c"
Finished building: ../testing/src/addNodeTest.c
 
Building file: ../testing/src/addTest.c
Invoking: GCC C Compiler
gcc -O0 -g3 -Wall -c -fmessage-length=0 -MMD -MP -MF"testing/src/addTest.d" -MT"testing/src/addTest.o" -o "testing/src/addTest.o" "../testing/src/addTest.c"
Finished building: ../testing/src/addTest.c
 
Building file: ../testing/src/clearTest.c
Invoking: GCC C Compiler
gcc -O0 -g3 -Wall -c -fmessage-length=0 -MMD -MP -MF"testing/src/clearTest.d" -MT"testing/src/clearTest.o" -o "testing/src/clearTest.o" "../testing/src/clearTest.c"
Finished building: ../testing/src/clearTest.c
 
Building file: ../testing/src/cloneTest.c
Invoking: GCC C Compiler
gcc -O0 -g3 -Wall -c -fmessage-length=0 -MMD -MP -MF"testing/src/cloneTest.d" -MT"testing/src/cloneTest.o" -o "testing/src/cloneTest.o" "../testing/src/cloneTest.c"
Finished building: ../testing/src/cloneTest.c
 
Building file: ../testing/src/containsAllTest.c
Invoking: GCC C Compiler
gcc -O0 -g3 -Wall -c -fmessage-length=0 -MMD -MP -MF"testing/src/containsAllTest.d" -MT"testing/src/containsAllTest.o" -o "testing/src/containsAllTest.o" "../testing/src/containsAllTest.c"
Finished building: ../testing/src/containsAllTest.c
 
Building file: ../testing/src/containsTest.c
Invoking: GCC C Compiler
gcc -O0 -g3 -Wall -c -fmessage-length=0 -MMD -MP -MF"testing/src/containsTest.d" -MT"testing/src/containsTest.o" -o "testing/src/containsTest.o" "../testing/src/containsTest.c"
Finished building: ../testing/src/containsTest.c
 
Building file: ../testing/src/deleteLinkedListTest.c
Invoking: GCC C Compiler
gcc -O0 -g3 -Wall -c -fmessage-length=0 -MMD -MP -MF"testing/src/deleteLinkedListTest.d" -MT"testing/src/deleteLinkedListTest.o" -o "testing/src/deleteLinkedListTest.o" "../testing/src/deleteLinkedListTest.c"
Finished building: ../testing/src/deleteLinkedListTest.c
 
Building file: ../testing/src/getNodeTest.c
Invoking: GCC C Compiler
gcc -O0 -g3 -Wall -c -fmessage-length=0 -MMD -MP -MF"testing/src/getNodeTest.d" -MT"testing/src/getNodeTest.o" -o "testing/src/getNodeTest.o" "../testing/src/getNodeTest.c"
Finished building: ../testing/src/getNodeTest.c
 
Building file: ../testing/src/getTest.c
Invoking: GCC C Compiler
gcc -O0 -g3 -Wall -c -fmessage-length=0 -MMD -MP -MF"testing/src/getTest.d" -MT"testing/src/getTest.o" -o "testing/src/getTest.o" "../testing/src/getTest.c"
Finished building: ../testing/src/getTest.c
 
Building file: ../testing/src/indexOfTest.c
Invoking: GCC C Compiler
gcc -O0 -g3 -Wall -c -fmessage-length=0 -MMD -MP -MF"testing/src/indexOfTest.d" -MT"testing/src/indexOfTest.o" -o "testing/src/indexOfTest.o" "../testing/src/indexOfTest.c"
Finished building: ../testing/src/indexOfTest.c
 
Building file: ../testing/src/isEmptyTest.c
Invoking: GCC C Compiler
gcc -O0 -g3 -Wall -c -fmessage-length=0 -MMD -MP -MF"testing/src/isEmptyTest.d" -MT"testing/src/isEmptyTest.o" -o "testing/src/isEmptyTest.o" "../testing/src/isEmptyTest.c"
Finished building: ../testing/src/isEmptyTest.c
 
Building file: ../testing/src/lenTest.c
Invoking: GCC C Compiler
gcc -O0 -g3 -Wall -c -fmessage-length=0 -MMD -MP -MF"testing/src/lenTest.d" -MT"testing/src/lenTest.o" -o "testing/src/lenTest.o" "../testing/src/lenTest.c"
Finished building: ../testing/src/lenTest.c
 
Building file: ../testing/src/main_test.c
Invoking: GCC C Compiler
gcc -O0 -g3 -Wall -c -fmessage-length=0 -MMD -MP -MF"testing/src/main_test.d" -MT"testing/src/main_test.o" -o "testing/src/main_test.o" "../testing/src/main_test.c"
Finished building: ../testing/src/main_test.c
 
Building file: ../testing/src/newTest.c
Invoking: GCC C Compiler
gcc -O0 -g3 -Wall -c -fmessage-length=0 -MMD -MP -MF"testing/src/newTest.d" -MT"testing/src/newTest.o" -o "testing/src/newTest.o" "../testing/src/newTest.c"
Finished building: ../testing/src/newTest.c
 
Building file: ../testing/src/popTest.c
Invoking: GCC C Compiler
gcc -O0 -g3 -Wall -c -fmessage-length=0 -MMD -MP -MF"testing/src/popTest.d" -MT"testing/src/popTest.o" -o "testing/src/popTest.o" "../testing/src/popTest.c"
Finished building: ../testing/src/popTest.c
 
Building file: ../testing/src/pushTest.c
Invoking: GCC C Compiler
gcc -O0 -g3 -Wall -c -fmessage-length=0 -MMD -MP -MF"testing/src/pushTest.d" -MT"testing/src/pushTest.o" -o "testing/src/pushTest.o" "../testing/src/pushTest.c"
Finished building: ../testing/src/pushTest.c
 
Building file: ../testing/src/removeTest.c
Invoking: GCC C Compiler
gcc -O0 -g3 -Wall -c -fmessage-length=0 -MMD -MP -MF"testing/src/removeTest.d" -MT"testing/src/removeTest.o" -o "testing/src/removeTest.o" "../testing/src/removeTest.c"
Finished building: ../testing/src/removeTest.c
 
Building file: ../testing/src/setTest.c
Invoking: GCC C Compiler
gcc -O0 -g3 -Wall -c -fmessage-length=0 -MMD -MP -MF"testing/src/setTest.d" -MT"testing/src/setTest.o" -o "testing/src/setTest.o" "../testing/src/setTest.c"
Finished building: ../testing/src/setTest.c
 
Building file: ../testing/src/sortTest.c
Invoking: GCC C Compiler
gcc -O0 -g3 -Wall -c -fmessage-length=0 -MMD -MP -MF"testing/src/sortTest.d" -MT"testing/src/sortTest.o" -o "testing/src/sortTest.o" "../testing/src/sortTest.c"
Finished building: ../testing/src/sortTest.c
 
Building file: ../testing/src/subListTest.c
Invoking: GCC C Compiler
gcc -O0 -g3 -Wall -c -fmessage-length=0 -MMD -MP -MF"testing/src/subListTest.d" -MT"testing/src/subListTest.o" -o "testing/src/subListTest.o" "../testing/src/subListTest.c"
Finished building: ../testing/src/subListTest.c
 
Building file: ../testing/utest.c
Invoking: GCC C Compiler
gcc -O0 -g3 -Wall -c -fmessage-length=0 -MMD -MP -MF"testing/utest.d" -MT"testing/utest.o" -o "testing/utest.o" "../testing/utest.c"
Finished building: ../testing/utest.c
 
Building file: ../src/LinkedList.c
Invoking: GCC C Compiler
gcc -O0 -g3 -Wall -c -fmessage-length=0 -MMD -MP -MF"src/LinkedList.d" -MT"src/LinkedList.o" -o "src/LinkedList.o" "../src/LinkedList.c"
Finished building: ../src/LinkedList.c
 
Building file: ../src/main.c
Invoking: GCC C Compiler
gcc -O0 -g3 -Wall -c -fmessage-length=0 -MMD -MP -MF"src/main.d" -MT"src/main.o" -o "src/main.o" "../src/main.c"
Finished building: ../src/main.c
 
Building target: likedList
Invoking: GCC C Linker
gcc  -o "likedList"  ./testing/src/Employee.o ./testing/src/addNodeTest.o ./testing/src/addTest.o ./testing/src/clearTest.o ./testing/src/cloneTest.o ./testing/src/containsAllTest.o ./testing/src/containsTest.o ./testing/src/deleteLinkedListTest.o ./testing/src/getNodeTest.o ./testing/src/getTest.o ./testing/src/indexOfTest.o ./testing/src/isEmptyTest.o ./testing/src/lenTest.o ./testing/src/main_test.o ./testing/src/newTest.o ./testing/src/popTest.o ./testing/src/pushTest.o ./testing/src/removeTest.o ./testing/src/setTest.o ./testing/src/sortTest.o ./testing/src/subListTest.o  ./testing/utest.o  ./src/LinkedList.o ./src/main.o   
Finished building target: likedList
 
21:09:27 **** Incremental Build of configuration Debug for project likedList ****
make all 
make: No se hace nada para 'all'.
21:12:12 **** Incremental Build of configuration Debug for project likedList ****
make all 
Building file: ../src/LinkedList.c
Invoking: GCC C Compiler
gcc -O0 -g3 -Wall -c -fmessage-length=0 -MMD -MP -MF"src/LinkedList.d" -MT"src/LinkedList.o" -o "src/LinkedList.o" "../src/LinkedList.c"
../src/LinkedList.c: In function ‘ll_remove’:
../src/LinkedList.c:256:22: error: ‘pNextNode’ undeclared (first use in this function)
                 free(pNextNode);
                      ^~~~~~~~~
../src/LinkedList.c:256:22: note: each undeclared identifier is reported only once for each function it appears in
make: *** [src/LinkedList.o] Error 1
src/subdir.mk:21: fallo en las instrucciones para el objetivo 'src/LinkedList.o'
"make all" terminated with exit code 2. Build might be incomplete.
21:12:58 **** Incremental Build of configuration Debug for project likedList ****
make all 
Building file: ../src/LinkedList.c
Invoking: GCC C Compiler
gcc -O0 -g3 -Wall -c -fmessage-length=0 -MMD -MP -MF"src/LinkedList.d" -MT"src/LinkedList.o" -o "src/LinkedList.o" "../src/LinkedList.c"
../src/LinkedList.c: In function ‘ll_remove’:
../src/LinkedList.c:266:10: error: too few arguments to function ‘free’
          free();
          ^~~~
In file included from ../src/LinkedList.c:2:0:
/usr/include/stdlib.h:444:13: note: declared here
 extern void free (void *__ptr) __THROW;
             ^~~~
src/subdir.mk:21: fallo en las instrucciones para el objetivo 'src/LinkedList.o'
make: *** [src/LinkedList.o] Error 1
"make all" terminated with exit code 2. Build might be incomplete.
21:13:05 **** Incremental Build of configuration Debug for project likedList ****
make all 
Building file: ../src/LinkedList.c
Invoking: GCC C Compiler
gcc -O0 -g3 -Wall -c -fmessage-length=0 -MMD -MP -MF"src/LinkedList.d" -MT"src/LinkedList.o" -o "src/LinkedList.o" "../src/LinkedList.c"
Finished building: ../src/LinkedList.c
 
Building target: likedList
Invoking: GCC C Linker
gcc  -o "likedList"  ./testing/src/Employee.o ./testing/src/addNodeTest.o ./testing/src/addTest.o ./testing/src/clearTest.o ./testing/src/cloneTest.o ./testing/src/containsAllTest.o ./testing/src/containsTest.o ./testing/src/deleteLinkedListTest.o ./testing/src/getNodeTest.o ./testing/src/getTest.o ./testing/src/indexOfTest.o ./testing/src/isEmptyTest.o ./testing/src/lenTest.o ./testing/src/main_test.o ./testing/src/newTest.o ./testing/src/popTest.o ./testing/src/pushTest.o ./testing/src/removeTest.o ./testing/src/setTest.o ./testing/src/sortTest.o ./testing/src/subListTest.o  ./testing/utest.o  ./src/LinkedList.o ./src/main.o   
Finished building target: likedList
 
21:13:07 **** Incremental Build of configuration Debug for project likedList ****
make all 
make: No se hace nada para 'all'.
21:13:17 **** Incremental Build of configuration Debug for project likedList ****
make all 
make: No se hace nada para 'all'.
21:13:42 **** Incremental Build of configuration Debug for project likedList ****
make all 
Building file: ../src/LinkedList.c
Invoking: GCC C Compiler
gcc -O0 -g3 -Wall -c -fmessage-length=0 -MMD -MP -MF"src/LinkedList.d" -MT"src/LinkedList.o" -o "src/LinkedList.o" "../src/LinkedList.c"
Finished building: ../src/LinkedList.c
 
Building target: likedList
Invoking: GCC C Linker
gcc  -o "likedList"  ./testing/src/Employee.o ./testing/src/addNodeTest.o ./testing/src/addTest.o ./testing/src/clearTest.o ./testing/src/cloneTest.o ./testing/src/containsAllTest.o ./testing/src/containsTest.o ./testing/src/deleteLinkedListTest.o ./testing/src/getNodeTest.o ./testing/src/getTest.o ./testing/src/indexOfTest.o ./testing/src/isEmptyTest.o ./testing/src/lenTest.o ./testing/src/main_test.o ./testing/src/newTest.o ./testing/src/popTest.o ./testing/src/pushTest.o ./testing/src/removeTest.o ./testing/src/setTest.o ./testing/src/sortTest.o ./testing/src/subListTest.o  ./testing/utest.o  ./src/LinkedList.o ./src/main.o   
Finished building target: likedList
 
21:13:46 **** Incremental Build of configuration Debug for project likedList ****
make all 
make: No se hace nada para 'all'.
21:14:14 **** Incremental Build of configuration Debug for project likedList ****
make all 
Building file: ../src/LinkedList.c
Invoking: GCC C Compiler
gcc -O0 -g3 -Wall -c -fmessage-length=0 -MMD -MP -MF"src/LinkedList.d" -MT"src/LinkedList.o" -o "src/LinkedList.o" "../src/LinkedList.c"
Finished building: ../src/LinkedList.c
 
Building target: likedList
Invoking: GCC C Linker
gcc  -o "likedList"  ./testing/src/Employee.o ./testing/src/addNodeTest.o ./testing/src/addTest.o ./testing/src/clearTest.o ./testing/src/cloneTest.o ./testing/src/containsAllTest.o ./testing/src/containsTest.o ./testing/src/deleteLinkedListTest.o ./testing/src/getNodeTest.o ./testing/src/getTest.o ./testing/src/indexOfTest.o ./testing/src/isEmptyTest.o ./testing/src/lenTest.o ./testing/src/main_test.o ./testing/src/newTest.o ./testing/src/popTest.o ./testing/src/pushTest.o ./testing/src/removeTest.o ./testing/src/setTest.o ./testing/src/sortTest.o ./testing/src/subListTest.o  ./testing/utest.o  ./src/LinkedList.o ./src/main.o   
Finished building target: likedList
 
21:14:19 **** Incremental Build of configuration Debug for project likedList ****
make all 
make: No se hace nada para 'all'.
21:14:49 **** Incremental Build of configuration Debug for project likedList ****
make all 
Building file: ../src/LinkedList.c
Invoking: GCC C Compiler
gcc -O0 -g3 -Wall -c -fmessage-length=0 -MMD -MP -MF"src/LinkedList.d" -MT"src/LinkedList.o" -o "src/LinkedList.o" "../src/LinkedList.c"
Finished building: ../src/LinkedList.c
 
Building target: likedList
Invoking: GCC C Linker
gcc  -o "likedList"  ./testing/src/Employee.o ./testing/src/addNodeTest.o ./testing/src/addTest.o ./testing/src/clearTest.o ./testing/src/cloneTest.o ./testing/src/containsAllTest.o ./testing/src/containsTest.o ./testing/src/deleteLinkedListTest.o ./testing/src/getNodeTest.o ./testing/src/getTest.o ./testing/src/indexOfTest.o ./testing/src/isEmptyTest.o ./testing/src/lenTest.o ./testing/src/main_test.o ./testing/src/newTest.o ./testing/src/popTest.o ./testing/src/pushTest.o ./testing/src/removeTest.o ./testing/src/setTest.o ./testing/src/sortTest.o ./testing/src/subListTest.o  ./testing/utest.o  ./src/LinkedList.o ./src/main.o   
Finished building target: likedList
 
21:14:53 **** Incremental Build of configuration Debug for project likedList ****
make all 
make: No se hace nada para 'all'.
21:16:22 **** Incremental Build of configuration Debug for project likedList ****
make all 
Building file: ../src/LinkedList.c
Invoking: GCC C Compiler
gcc -O0 -g3 -Wall -c -fmessage-length=0 -MMD -MP -MF"src/LinkedList.d" -MT"src/LinkedList.o" -o "src/LinkedList.o" "../src/LinkedList.c"
Finished building: ../src/LinkedList.c
 
Building target: likedList
Invoking: GCC C Linker
gcc  -o "likedList"  ./testing/src/Employee.o ./testing/src/addNodeTest.o ./testing/src/addTest.o ./testing/src/clearTest.o ./testing/src/cloneTest.o ./testing/src/containsAllTest.o ./testing/src/containsTest.o ./testing/src/deleteLinkedListTest.o ./testing/src/getNodeTest.o ./testing/src/getTest.o ./testing/src/indexOfTest.o ./testing/src/isEmptyTest.o ./testing/src/lenTest.o ./testing/src/main_test.o ./testing/src/newTest.o ./testing/src/popTest.o ./testing/src/pushTest.o ./testing/src/removeTest.o ./testing/src/setTest.o ./testing/src/sortTest.o ./testing/src/subListTest.o  ./testing/utest.o  ./src/LinkedList.o ./src/main.o   
Finished building target: likedList
 
21:16:31 **** Incremental Build of configuration Debug for project likedList ****
make all 
Building file: ../src/LinkedList.c
Invoking: GCC C Compiler
gcc -O0 -g3 -Wall -c -fmessage-length=0 -MMD -MP -MF"src/LinkedList.d" -MT"src/LinkedList.o" -o "src/LinkedList.o" "../src/LinkedList.c"
Finished building: ../src/LinkedList.c
 
Building target: likedList
Invoking: GCC C Linker
gcc  -o "likedList"  ./testing/src/Employee.o ./testing/src/addNodeTest.o ./testing/src/addTest.o ./testing/src/clearTest.o ./testing/src/cloneTest.o ./testing/src/containsAllTest.o ./testing/src/containsTest.o ./testing/src/deleteLinkedListTest.o ./testing/src/getNodeTest.o ./testing/src/getTest.o ./testing/src/indexOfTest.o ./testing/src/isEmptyTest.o ./testing/src/lenTest.o ./testing/src/main_test.o ./testing/src/newTest.o ./testing/src/popTest.o ./testing/src/pushTest.o ./testing/src/removeTest.o ./testing/src/setTest.o ./testing/src/sortTest.o ./testing/src/subListTest.o  ./testing/utest.o  ./src/LinkedList.o ./src/main.o   
Finished building target: likedList
 
21:16:34 **** Incremental Build of configuration Debug for project likedList ****
make all 
make: No se hace nada para 'all'.
21:19:15 **** Incremental Build of configuration Debug for project likedList ****
make all 
Building file: ../src/LinkedList.c
Invoking: GCC C Compiler
gcc -O0 -g3 -Wall -c -fmessage-length=0 -MMD -MP -MF"src/LinkedList.d" -MT"src/LinkedList.o" -o "src/LinkedList.o" "../src/LinkedList.c"
Finished building: ../src/LinkedList.c
 
Building target: likedList
Invoking: GCC C Linker
gcc  -o "likedList"  ./testing/src/Employee.o ./testing/src/addNodeTest.o ./testing/src/addTest.o ./testing/src/clearTest.o ./testing/src/cloneTest.o ./testing/src/containsAllTest.o ./testing/src/containsTest.o ./testing/src/deleteLinkedListTest.o ./testing/src/getNodeTest.o ./testing/src/getTest.o ./testing/src/indexOfTest.o ./testing/src/isEmptyTest.o ./testing/src/lenTest.o ./testing/src/main_test.o ./testing/src/newTest.o ./testing/src/popTest.o ./testing/src/pushTest.o ./testing/src/removeTest.o ./testing/src/setTest.o ./testing/src/sortTest.o ./testing/src/subListTest.o  ./testing/utest.o  ./src/LinkedList.o ./src/main.o   
Finished building target: likedList
 
21:19:17 **** Incremental Build of configuration Debug for project likedList ****
make all 
make: No se hace nada para 'all'.
21:22:44 **** Incremental Build of configuration Debug for project likedList ****
make all 
Building file: ../src/LinkedList.c
Invoking: GCC C Compiler
gcc -O0 -g3 -Wall -c -fmessage-length=0 -MMD -MP -MF"src/LinkedList.d" -MT"src/LinkedList.o" -o "src/LinkedList.o" "../src/LinkedList.c"
Finished building: ../src/LinkedList.c
 
Building target: likedList
Invoking: GCC C Linker
gcc  -o "likedList"  ./testing/src/Employee.o ./testing/src/addNodeTest.o ./testing/src/addTest.o ./testing/src/clearTest.o ./testing/src/cloneTest.o ./testing/src/containsAllTest.o ./testing/src/containsTest.o ./testing/src/deleteLinkedListTest.o ./testing/src/getNodeTest.o ./testing/src/getTest.o ./testing/src/indexOfTest.o ./testing/src/isEmptyTest.o ./testing/src/lenTest.o ./testing/src/main_test.o ./testing/src/newTest.o ./testing/src/popTest.o ./testing/src/pushTest.o ./testing/src/removeTest.o ./testing/src/setTest.o ./testing/src/sortTest.o ./testing/src/subListTest.o  ./testing/utest.o  ./src/LinkedList.o ./src/main.o   
Finished building target: likedList
 
21:29:22 **** Incremental Build of configuration Debug for project likedList ****
make all 
Building file: ../src/main.c
Invoking: GCC C Compiler
gcc -O0 -g3 -Wall -c -fmessage-length=0 -MMD -MP -MF"src/main.d" -MT"src/main.o" -o "src/main.o" "../src/main.c"
Finished building: ../src/main.c
 
Building target: likedList
Invoking: GCC C Linker
gcc  -o "likedList"  ./testing/src/Employee.o ./testing/src/addNodeTest.o ./testing/src/addTest.o ./testing/src/clearTest.o ./testing/src/cloneTest.o ./testing/src/containsAllTest.o ./testing/src/containsTest.o ./testing/src/deleteLinkedListTest.o ./testing/src/getNodeTest.o ./testing/src/getTest.o ./testing/src/indexOfTest.o ./testing/src/isEmptyTest.o ./testing/src/lenTest.o ./testing/src/main_test.o ./testing/src/newTest.o ./testing/src/popTest.o ./testing/src/pushTest.o ./testing/src/removeTest.o ./testing/src/setTest.o ./testing/src/sortTest.o ./testing/src/subListTest.o  ./testing/utest.o  ./src/LinkedList.o ./src/main.o   
Finished building target: likedList
 
21:29:26 **** Incremental Build of configuration Debug for project likedList ****
make all 
make: No se hace nada para 'all'.
21:30:37 **** Incremental Build of configuration Debug for project likedList ****
make all 
Building file: ../src/main.c
Invoking: GCC C Compiler
gcc -O0 -g3 -Wall -c -fmessage-length=0 -MMD -MP -MF"src/main.d" -MT"src/main.o" -o "src/main.o" "../src/main.c"
Finished building: ../src/main.c
 
Building target: likedList
Invoking: GCC C Linker
gcc  -o "likedList"  ./testing/src/Employee.o ./testing/src/addNodeTest.o ./testing/src/addTest.o ./testing/src/clearTest.o ./testing/src/cloneTest.o ./testing/src/containsAllTest.o ./testing/src/containsTest.o ./testing/src/deleteLinkedListTest.o ./testing/src/getNodeTest.o ./testing/src/getTest.o ./testing/src/indexOfTest.o ./testing/src/isEmptyTest.o ./testing/src/lenTest.o ./testing/src/main_test.o ./testing/src/newTest.o ./testing/src/popTest.o ./testing/src/pushTest.o ./testing/src/removeTest.o ./testing/src/setTest.o ./testing/src/sortTest.o ./testing/src/subListTest.o  ./testing/utest.o  ./src/LinkedList.o ./src/main.o   
Finished building target: likedList
 
21:30:43 **** Incremental Build of configuration Debug for project likedList ****
make all 
make: No se hace nada para 'all'.
21:32:50 **** Incremental Build of configuration Debug for project likedList ****
make all 
Building file: ../src/main.c
Invoking: GCC C Compiler
gcc -O0 -g3 -Wall -c -fmessage-length=0 -MMD -MP -MF"src/main.d" -MT"src/main.o" -o "src/main.o" "../src/main.c"
Finished building: ../src/main.c
 
Building target: likedList
Invoking: GCC C Linker
gcc  -o "likedList"  ./testing/src/Employee.o ./testing/src/addNodeTest.o ./testing/src/addTest.o ./testing/src/clearTest.o ./testing/src/cloneTest.o ./testing/src/containsAllTest.o ./testing/src/containsTest.o ./testing/src/deleteLinkedListTest.o ./testing/src/getNodeTest.o ./testing/src/getTest.o ./testing/src/indexOfTest.o ./testing/src/isEmptyTest.o ./testing/src/lenTest.o ./testing/src/main_test.o ./testing/src/newTest.o ./testing/src/popTest.o ./testing/src/pushTest.o ./testing/src/removeTest.o ./testing/src/setTest.o ./testing/src/sortTest.o ./testing/src/subListTest.o  ./testing/utest.o  ./src/LinkedList.o ./src/main.o   
Finished building target: likedList
 
21:33:11 **** Incremental Build of configuration Debug for project likedList ****
make all 
make: No se hace nada para 'all'.
21:33:40 **** Incremental Build of configuration Debug for project likedList ****
make all 
Building file: ../src/main.c
Invoking: GCC C Compiler
gcc -O0 -g3 -Wall -c -fmessage-length=0 -MMD -MP -MF"src/main.d" -MT"src/main.o" -o "src/main.o" "../src/main.c"
Finished building: ../src/main.c
 
Building target: likedList
Invoking: GCC C Linker
gcc  -o "likedList"  ./testing/src/Employee.o ./testing/src/addNodeTest.o ./testing/src/addTest.o ./testing/src/clearTest.o ./testing/src/cloneTest.o ./testing/src/containsAllTest.o ./testing/src/containsTest.o ./testing/src/deleteLinkedListTest.o ./testing/src/getNodeTest.o ./testing/src/getTest.o ./testing/src/indexOfTest.o ./testing/src/isEmptyTest.o ./testing/src/lenTest.o ./testing/src/main_test.o ./testing/src/newTest.o ./testing/src/popTest.o ./testing/src/pushTest.o ./testing/src/removeTest.o ./testing/src/setTest.o ./testing/src/sortTest.o ./testing/src/subListTest.o  ./testing/utest.o  ./src/LinkedList.o ./src/main.o   
Finished building target: likedList
 
21:33:42 **** Incremental Build of configuration Debug for project likedList ****
make all 
make: No se hace nada para 'all'.
21:33:45 **** Incremental Build of configuration Debug for project likedList ****
make all 
make: No se hace nada para 'all'.
21:34:10 **** Incremental Build of configuration Debug for project likedList ****
make all 
Building file: ../src/main.c
Invoking: GCC C Compiler
gcc -O0 -g3 -Wall -c -fmessage-length=0 -MMD -MP -MF"src/main.d" -MT"src/main.o" -o "src/main.o" "../src/main.c"
Finished building: ../src/main.c
 
Building target: likedList
Invoking: GCC C Linker
gcc  -o "likedList"  ./testing/src/Employee.o ./testing/src/addNodeTest.o ./testing/src/addTest.o ./testing/src/clearTest.o ./testing/src/cloneTest.o ./testing/src/containsAllTest.o ./testing/src/containsTest.o ./testing/src/deleteLinkedListTest.o ./testing/src/getNodeTest.o ./testing/src/getTest.o ./testing/src/indexOfTest.o ./testing/src/isEmptyTest.o ./testing/src/lenTest.o ./testing/src/main_test.o ./testing/src/newTest.o ./testing/src/popTest.o ./testing/src/pushTest.o ./testing/src/removeTest.o ./testing/src/setTest.o ./testing/src/sortTest.o ./testing/src/subListTest.o  ./testing/utest.o  ./src/LinkedList.o ./src/main.o   
Finished building target: likedList
 
21:34:14 **** Incremental Build of configuration Debug for project likedList ****
make all 
make: No se hace nada para 'all'.
21:37:11 **** Incremental Build of configuration Debug for project likedList ****
make all 
Building file: ../src/main.c
Invoking: GCC C Compiler
gcc -O0 -g3 -Wall -c -fmessage-length=0 -MMD -MP -MF"src/main.d" -MT"src/main.o" -o "src/main.o" "../src/main.c"
Finished building: ../src/main.c
 
Building target: likedList
Invoking: GCC C Linker
gcc  -o "likedList"  ./testing/src/Employee.o ./testing/src/addNodeTest.o ./testing/src/addTest.o ./testing/src/clearTest.o ./testing/src/cloneTest.o ./testing/src/containsAllTest.o ./testing/src/containsTest.o ./testing/src/deleteLinkedListTest.o ./testing/src/getNodeTest.o ./testing/src/getTest.o ./testing/src/indexOfTest.o ./testing/src/isEmptyTest.o ./testing/src/lenTest.o ./testing/src/main_test.o ./testing/src/newTest.o ./testing/src/popTest.o ./testing/src/pushTest.o ./testing/src/removeTest.o ./testing/src/setTest.o ./testing/src/sortTest.o ./testing/src/subListTest.o  ./testing/utest.o  ./src/LinkedList.o ./src/main.o   
Finished building target: likedList
 
21:37:14 **** Incremental Build of configuration Debug for project likedList ****
make all 
make: No se hace nada para 'all'.
21:42:27 **** Incremental Build of configuration Debug for project likedList ****
make all 
Building file: ../src/LinkedList.c
Invoking: GCC C Compiler
gcc -O0 -g3 -Wall -c -fmessage-length=0 -MMD -MP -MF"src/LinkedList.d" -MT"src/LinkedList.o" -o "src/LinkedList.o" "../src/LinkedList.c"
Finished building: ../src/LinkedList.c
 
Building target: likedList
Invoking: GCC C Linker
gcc  -o "likedList"  ./testing/src/Employee.o ./testing/src/addNodeTest.o ./testing/src/addTest.o ./testing/src/clearTest.o ./testing/src/cloneTest.o ./testing/src/containsAllTest.o ./testing/src/containsTest.o ./testing/src/deleteLinkedListTest.o ./testing/src/getNodeTest.o ./testing/src/getTest.o ./testing/src/indexOfTest.o ./testing/src/isEmptyTest.o ./testing/src/lenTest.o ./testing/src/main_test.o ./testing/src/newTest.o ./testing/src/popTest.o ./testing/src/pushTest.o ./testing/src/removeTest.o ./testing/src/setTest.o ./testing/src/sortTest.o ./testing/src/subListTest.o  ./testing/utest.o  ./src/LinkedList.o ./src/main.o   
Finished building target: likedList
 
21:43:46 **** Incremental Build of configuration Debug for project likedList ****
make all 
Building file: ../src/LinkedList.c
Invoking: GCC C Compiler
gcc -O0 -g3 -Wall -c -fmessage-length=0 -MMD -MP -MF"src/LinkedList.d" -MT"src/LinkedList.o" -o "src/LinkedList.o" "../src/LinkedList.c"
../src/LinkedList.c: In function ‘ll_pop’:
../src/LinkedList.c:431:20: error: ‘LinkedList {aka struct LinkedList}’ has no member named ‘pElement’
            ret=this->pElement;
                    ^~
make: *** [src/LinkedList.o] Error 1
src/subdir.mk:21: fallo en las instrucciones para el objetivo 'src/LinkedList.o'
"make all" terminated with exit code 2. Build might be incomplete.
21:44:53 **** Incremental Build of configuration Debug for project likedList ****
make all 
Building file: ../src/LinkedList.c
Invoking: GCC C Compiler
gcc -O0 -g3 -Wall -c -fmessage-length=0 -MMD -MP -MF"src/LinkedList.d" -MT"src/LinkedList.o" -o "src/LinkedList.o" "../src/LinkedList.c"
Finished building: ../src/LinkedList.c
 
Building target: likedList
Invoking: GCC C Linker
gcc  -o "likedList"  ./testing/src/Employee.o ./testing/src/addNodeTest.o ./testing/src/addTest.o ./testing/src/clearTest.o ./testing/src/cloneTest.o ./testing/src/containsAllTest.o ./testing/src/containsTest.o ./testing/src/deleteLinkedListTest.o ./testing/src/getNodeTest.o ./testing/src/getTest.o ./testing/src/indexOfTest.o ./testing/src/isEmptyTest.o ./testing/src/lenTest.o ./testing/src/main_test.o ./testing/src/newTest.o ./testing/src/popTest.o ./testing/src/pushTest.o ./testing/src/removeTest.o ./testing/src/setTest.o ./testing/src/sortTest.o ./testing/src/subListTest.o  ./testing/utest.o  ./src/LinkedList.o ./src/main.o   
Finished building target: likedList
 
21:45:01 **** Incremental Build of configuration Debug for project likedList ****
make all 
make: No se hace nada para 'all'.
21:48:05 **** Incremental Build of configuration Debug for project likedList ****
make all 
Building file: ../src/LinkedList.c
Invoking: GCC C Compiler
gcc -O0 -g3 -Wall -c -fmessage-length=0 -MMD -MP -MF"src/LinkedList.d" -MT"src/LinkedList.o" -o "src/LinkedList.o" "../src/LinkedList.c"
Finished building: ../src/LinkedList.c
 
Building target: likedList
Invoking: GCC C Linker
gcc  -o "likedList"  ./testing/src/Employee.o ./testing/src/addNodeTest.o ./testing/src/addTest.o ./testing/src/clearTest.o ./testing/src/cloneTest.o ./testing/src/containsAllTest.o ./testing/src/containsTest.o ./testing/src/deleteLinkedListTest.o ./testing/src/getNodeTest.o ./testing/src/getTest.o ./testing/src/indexOfTest.o ./testing/src/isEmptyTest.o ./testing/src/lenTest.o ./testing/src/main_test.o ./testing/src/newTest.o ./testing/src/popTest.o ./testing/src/pushTest.o ./testing/src/removeTest.o ./testing/src/setTest.o ./testing/src/sortTest.o ./testing/src/subListTest.o  ./testing/utest.o  ./src/LinkedList.o ./src/main.o   
Finished building target: likedList
 
21:52:09 **** Incremental Build of configuration Debug for project likedList ****
make all 
Building file: ../src/LinkedList.c
Invoking: GCC C Compiler
gcc -O0 -g3 -Wall -c -fmessage-length=0 -MMD -MP -MF"src/LinkedList.d" -MT"src/LinkedList.o" -o "src/LinkedList.o" "../src/LinkedList.c"
../src/LinkedList.c: In function ‘ll_pop’:
../src/LinkedList.c:425:7: warning: variable ‘pNode’ set but not used [-Wunused-but-set-variable]
 Node* pNode;
       ^~~~~
../src/LinkedList.c:423:5: warning: unused variable ‘i’ [-Wunused-variable]
 int i;
     ^
Finished building: ../src/LinkedList.c
 
Building target: likedList
Invoking: GCC C Linker
gcc  -o "likedList"  ./testing/src/Employee.o ./testing/src/addNodeTest.o ./testing/src/addTest.o ./testing/src/clearTest.o ./testing/src/cloneTest.o ./testing/src/containsAllTest.o ./testing/src/containsTest.o ./testing/src/deleteLinkedListTest.o ./testing/src/getNodeTest.o ./testing/src/getTest.o ./testing/src/indexOfTest.o ./testing/src/isEmptyTest.o ./testing/src/lenTest.o ./testing/src/main_test.o ./testing/src/newTest.o ./testing/src/popTest.o ./testing/src/pushTest.o ./testing/src/removeTest.o ./testing/src/setTest.o ./testing/src/sortTest.o ./testing/src/subListTest.o  ./testing/utest.o  ./src/LinkedList.o ./src/main.o   
Finished building target: likedList
 
21:52:14 **** Incremental Build of configuration Debug for project likedList ****
make all 
Building file: ../src/LinkedList.c
Invoking: GCC C Compiler
gcc -O0 -g3 -Wall -c -fmessage-length=0 -MMD -MP -MF"src/LinkedList.d" -MT"src/LinkedList.o" -o "src/LinkedList.o" "../src/LinkedList.c"
../src/LinkedList.c: In function ‘ll_pop’:
../src/LinkedList.c:425:7: warning: variable ‘pNode’ set but not used [-Wunused-but-set-variable]
 Node* pNode;
       ^~~~~
../src/LinkedList.c:423:5: warning: unused variable ‘i’ [-Wunused-variable]
 int i;
     ^
Finished building: ../src/LinkedList.c
 
Building target: likedList
Invoking: GCC C Linker
gcc  -o "likedList"  ./testing/src/Employee.o ./testing/src/addNodeTest.o ./testing/src/addTest.o ./testing/src/clearTest.o ./testing/src/cloneTest.o ./testing/src/containsAllTest.o ./testing/src/containsTest.o ./testing/src/deleteLinkedListTest.o ./testing/src/getNodeTest.o ./testing/src/getTest.o ./testing/src/indexOfTest.o ./testing/src/isEmptyTest.o ./testing/src/lenTest.o ./testing/src/main_test.o ./testing/src/newTest.o ./testing/src/popTest.o ./testing/src/pushTest.o ./testing/src/removeTest.o ./testing/src/setTest.o ./testing/src/sortTest.o ./testing/src/subListTest.o  ./testing/utest.o  ./src/LinkedList.o ./src/main.o   
Finished building target: likedList
 
21:52:30 **** Incremental Build of configuration Debug for project likedList ****
make all 
Building file: ../src/LinkedList.c
Invoking: GCC C Compiler
gcc -O0 -g3 -Wall -c -fmessage-length=0 -MMD -MP -MF"src/LinkedList.d" -MT"src/LinkedList.o" -o "src/LinkedList.o" "../src/LinkedList.c"
../src/LinkedList.c: In function ‘ll_pop’:
../src/LinkedList.c:424:7: warning: variable ‘pNode’ set but not used [-Wunused-but-set-variable]
 Node* pNode;
       ^~~~~
Finished building: ../src/LinkedList.c
 
Building target: likedList
Invoking: GCC C Linker
gcc  -o "likedList"  ./testing/src/Employee.o ./testing/src/addNodeTest.o ./testing/src/addTest.o ./testing/src/clearTest.o ./testing/src/cloneTest.o ./testing/src/containsAllTest.o ./testing/src/containsTest.o ./testing/src/deleteLinkedListTest.o ./testing/src/getNodeTest.o ./testing/src/getTest.o ./testing/src/indexOfTest.o ./testing/src/isEmptyTest.o ./testing/src/lenTest.o ./testing/src/main_test.o ./testing/src/newTest.o ./testing/src/popTest.o ./testing/src/pushTest.o ./testing/src/removeTest.o ./testing/src/setTest.o ./testing/src/sortTest.o ./testing/src/subListTest.o  ./testing/utest.o  ./src/LinkedList.o ./src/main.o   
Finished building target: likedList
 
21:53:22 **** Incremental Build of configuration Debug for project likedList ****
make all 
Building file: ../src/LinkedList.c
Invoking: GCC C Compiler
gcc -O0 -g3 -Wall -c -fmessage-length=0 -MMD -MP -MF"src/LinkedList.d" -MT"src/LinkedList.o" -o "src/LinkedList.o" "../src/LinkedList.c"
Finished building: ../src/LinkedList.c
 
Building target: likedList
Invoking: GCC C Linker
gcc  -o "likedList"  ./testing/src/Employee.o ./testing/src/addNodeTest.o ./testing/src/addTest.o ./testing/src/clearTest.o ./testing/src/cloneTest.o ./testing/src/containsAllTest.o ./testing/src/containsTest.o ./testing/src/deleteLinkedListTest.o ./testing/src/getNodeTest.o ./testing/src/getTest.o ./testing/src/indexOfTest.o ./testing/src/isEmptyTest.o ./testing/src/lenTest.o ./testing/src/main_test.o ./testing/src/newTest.o ./testing/src/popTest.o ./testing/src/pushTest.o ./testing/src/removeTest.o ./testing/src/setTest.o ./testing/src/sortTest.o ./testing/src/subListTest.o  ./testing/utest.o  ./src/LinkedList.o ./src/main.o   
Finished building target: likedList
 
21:53:30 **** Incremental Build of configuration Debug for project likedList ****
make all 
make: No se hace nada para 'all'.
21:54:23 **** Incremental Build of configuration Debug for project likedList ****
make all 
Building file: ../src/LinkedList.c
Invoking: GCC C Compiler
gcc -O0 -g3 -Wall -c -fmessage-length=0 -MMD -MP -MF"src/LinkedList.d" -MT"src/LinkedList.o" -o "src/LinkedList.o" "../src/LinkedList.c"
Finished building: ../src/LinkedList.c
 
Building target: likedList
Invoking: GCC C Linker
gcc  -o "likedList"  ./testing/src/Employee.o ./testing/src/addNodeTest.o ./testing/src/addTest.o ./testing/src/clearTest.o ./testing/src/cloneTest.o ./testing/src/containsAllTest.o ./testing/src/containsTest.o ./testing/src/deleteLinkedListTest.o ./testing/src/getNodeTest.o ./testing/src/getTest.o ./testing/src/indexOfTest.o ./testing/src/isEmptyTest.o ./testing/src/lenTest.o ./testing/src/main_test.o ./testing/src/newTest.o ./testing/src/popTest.o ./testing/src/pushTest.o ./testing/src/removeTest.o ./testing/src/setTest.o ./testing/src/sortTest.o ./testing/src/subListTest.o  ./testing/utest.o  ./src/LinkedList.o ./src/main.o   
Finished building target: likedList
 
21:54:55 **** Incremental Build of configuration Debug for project likedList ****
make all 
Building file: ../src/main.c
Invoking: GCC C Compiler
gcc -O0 -g3 -Wall -c -fmessage-length=0 -MMD -MP -MF"src/main.d" -MT"src/main.o" -o "src/main.o" "../src/main.c"
Finished building: ../src/main.c
 
Building target: likedList
Invoking: GCC C Linker
gcc  -o "likedList"  ./testing/src/Employee.o ./testing/src/addNodeTest.o ./testing/src/addTest.o ./testing/src/clearTest.o ./testing/src/cloneTest.o ./testing/src/containsAllTest.o ./testing/src/containsTest.o ./testing/src/deleteLinkedListTest.o ./testing/src/getNodeTest.o ./testing/src/getTest.o ./testing/src/indexOfTest.o ./testing/src/isEmptyTest.o ./testing/src/lenTest.o ./testing/src/main_test.o ./testing/src/newTest.o ./testing/src/popTest.o ./testing/src/pushTest.o ./testing/src/removeTest.o ./testing/src/setTest.o ./testing/src/sortTest.o ./testing/src/subListTest.o  ./testing/utest.o  ./src/LinkedList.o ./src/main.o   
Finished building target: likedList
 
21:54:57 **** Incremental Build of configuration Debug for project likedList ****
make all 
make: No se hace nada para 'all'.
21:55:24 **** Incremental Build of configuration Debug for project likedList ****
make all 
Building file: ../src/LinkedList.c
Invoking: GCC C Compiler
gcc -O0 -g3 -Wall -c -fmessage-length=0 -MMD -MP -MF"src/LinkedList.d" -MT"src/LinkedList.o" -o "src/LinkedList.o" "../src/LinkedList.c"
Finished building: ../src/LinkedList.c
 
Building target: likedList
Invoking: GCC C Linker
gcc  -o "likedList"  ./testing/src/Employee.o ./testing/src/addNodeTest.o ./testing/src/addTest.o ./testing/src/clearTest.o ./testing/src/cloneTest.o ./testing/src/containsAllTest.o ./testing/src/containsTest.o ./testing/src/deleteLinkedListTest.o ./testing/src/getNodeTest.o ./testing/src/getTest.o ./testing/src/indexOfTest.o ./testing/src/isEmptyTest.o ./testing/src/lenTest.o ./testing/src/main_test.o ./testing/src/newTest.o ./testing/src/popTest.o ./testing/src/pushTest.o ./testing/src/removeTest.o ./testing/src/setTest.o ./testing/src/sortTest.o ./testing/src/subListTest.o  ./testing/utest.o  ./src/LinkedList.o ./src/main.o   
Finished building target: likedList
 
21:55:26 **** Incremental Build of configuration Debug for project likedList ****
make all 
make: No se hace nada para 'all'.
21:59:40 **** Incremental Build of configuration Debug for project likedList ****
make all 
Building file: ../src/LinkedList.c
Invoking: GCC C Compiler
gcc -O0 -g3 -Wall -c -fmessage-length=0 -MMD -MP -MF"src/LinkedList.d" -MT"src/LinkedList.o" -o "src/LinkedList.o" "../src/LinkedList.c"
../src/LinkedList.c: In function ‘ll_containsAll’:
../src/LinkedList.c:488:10: error: ‘else’ without a previous ‘if’
          else
          ^~~~
src/subdir.mk:21: fallo en las instrucciones para el objetivo 'src/LinkedList.o'
make: *** [src/LinkedList.o] Error 1
"make all" terminated with exit code 2. Build might be incomplete.
21:59:46 **** Incremental Build of configuration Debug for project likedList ****
make all 
Building file: ../src/LinkedList.c
Invoking: GCC C Compiler
gcc -O0 -g3 -Wall -c -fmessage-length=0 -MMD -MP -MF"src/LinkedList.d" -MT"src/LinkedList.o" -o "src/LinkedList.o" "../src/LinkedList.c"
Finished building: ../src/LinkedList.c
 
Building target: likedList
Invoking: GCC C Linker
gcc  -o "likedList"  ./testing/src/Employee.o ./testing/src/addNodeTest.o ./testing/src/addTest.o ./testing/src/clearTest.o ./testing/src/cloneTest.o ./testing/src/containsAllTest.o ./testing/src/containsTest.o ./testing/src/deleteLinkedListTest.o ./testing/src/getNodeTest.o ./testing/src/getTest.o ./testing/src/indexOfTest.o ./testing/src/isEmptyTest.o ./testing/src/lenTest.o ./testing/src/main_test.o ./testing/src/newTest.o ./testing/src/popTest.o ./testing/src/pushTest.o ./testing/src/removeTest.o ./testing/src/setTest.o ./testing/src/sortTest.o ./testing/src/subListTest.o  ./testing/utest.o  ./src/LinkedList.o ./src/main.o   
Finished building target: likedList
 
22:03:19 **** Incremental Build of configuration Debug for project likedList ****
make all 
make: No se hace nada para 'all'.
22:03:46 **** Incremental Build of configuration Debug for project likedList ****
make all 
make: No se hace nada para 'all'.
